<?xml version="1.0" encoding="UTF-8"?>
<!-- Generated by org.testng.reporters.JUnitXMLReporter -->
<testsuite ignored="1" hostname="LAPTOP-4NVF0J5C" failures="0" tests="4" name="Default test" time="0.102" errors="0" timestamp="2022-02-18T22:52:39 IST">
  <testcase classname="testClasses.test" name="@BeforeTest launchBrowser" time="-1.645204958871E9">
    <failure type="org.testng.TestNGException" message="
Parameter &amp;apos;browser&amp;apos; is required by BeforeTest on method launchBrowser but has not been marked @Optional or defined
in C:\Users\hp\AppData\Local\Temp\testng-eclipse--1437779113\testng-customsuite.xml">
      <![CDATA[org.testng.TestNGException: 
Parameter 'browser' is required by BeforeTest on method launchBrowser but has not been marked @Optional or defined
in C:\Users\hp\AppData\Local\Temp\testng-eclipse--1437779113\testng-customsuite.xml
at org.testng.internal.Parameters.createParams(Parameters.java:270)
at org.testng.internal.Parameters.createParametersForMethod(Parameters.java:358)
at org.testng.internal.Parameters.createParameters(Parameters.java:700)
at org.testng.internal.Parameters.createConfigurationParameters(Parameters.java:168)
at org.testng.internal.ConfigInvoker.invokeConfigurations(ConfigInvoker.java:302)
at org.testng.TestRunner.invokeTestConfigurations(TestRunner.java:637)
at org.testng.TestRunner.beforeRun(TestRunner.java:627)
at org.testng.TestRunner.run(TestRunner.java:589)
at org.testng.SuiteRunner.runTest(SuiteRunner.java:377)
at org.testng.SuiteRunner.runSequentially(SuiteRunner.java:371)
at org.testng.SuiteRunner.privateRun(SuiteRunner.java:332)
at org.testng.SuiteRunner.run(SuiteRunner.java:276)
at org.testng.SuiteRunnerWorker.runSuite(SuiteRunnerWorker.java:53)
at org.testng.SuiteRunnerWorker.run(SuiteRunnerWorker.java:96)
at org.testng.TestNG.runSuitesSequentially(TestNG.java:1212)
at org.testng.TestNG.runSuitesLocally(TestNG.java:1134)
at org.testng.TestNG.runSuites(TestNG.java:1063)
at org.testng.TestNG.run(TestNG.java:1031)
at org.testng.remote.AbstractRemoteTestNG.run(AbstractRemoteTestNG.java:115)
at org.testng.remote.RemoteTestNG.initAndRun(RemoteTestNG.java:251)
at org.testng.remote.RemoteTestNG.main(RemoteTestNG.java:77)
]]>
    </failure>
  </testcase> <!-- @BeforeTest launchBrowser -->
  <testcase classname="testClasses.test" name="@BeforeClass CreatePOMobject" time="-1.645204958902E9">
    <skipped/>
  </testcase> <!-- @BeforeClass CreatePOMobject -->
  <testcase classname="testClasses.test" name="@BeforeMethod LoginToApplication" time="-1.645204958926E9">
    <skipped/>
  </testcase> <!-- @BeforeMethod LoginToApplication -->
  <testcase classname="testClasses.test" name="@AfterMethod LogoutApplication" time="-1.645204958935E9">
    <skipped/>
  </testcase> <!-- @AfterMethod LogoutApplication -->
  <testcase classname="testClasses.test" name="@BeforeMethod LoginToApplication" time="-1.645204958938E9">
    <skipped/>
  </testcase> <!-- @BeforeMethod LoginToApplication -->
  <testcase classname="testClasses.test" name="@AfterMethod LogoutApplication" time="-1.645204958944E9">
    <skipped/>
  </testcase> <!-- @AfterMethod LogoutApplication -->
  <testcase classname="testClasses.test" name="@BeforeMethod LoginToApplication" time="-1.645204958946E9">
    <skipped/>
  </testcase> <!-- @BeforeMethod LoginToApplication -->
  <testcase classname="testClasses.test" name="@AfterMethod LogoutApplication" time="-1.645204958951E9">
    <skipped/>
  </testcase> <!-- @AfterMethod LogoutApplication -->
  <testcase classname="testClasses.test" name="@BeforeMethod LoginToApplication" time="-1.645204958953E9">
    <skipped/>
  </testcase> <!-- @BeforeMethod LoginToApplication -->
  <testcase classname="testClasses.test" name="@AfterMethod LogoutApplication" time="-1.645204958963E9">
    <skipped/>
  </testcase> <!-- @AfterMethod LogoutApplication -->
  <testcase classname="testClasses.test" name="@AfterClass ClearPOMobjects" time="-1.645204958965E9">
    <skipped/>
  </testcase> <!-- @AfterClass ClearPOMobjects -->
  <testcase classname="testClasses.test" name="@AfterTest QuiteApp" time="-1.645204958966E9">
    <skipped/>
  </testcase> <!-- @AfterTest QuiteApp -->
  <testcase classname="testClasses.test" name="LoginTitleVerify" time="0.0">
    <skipped/>
  </testcase> <!-- LoginTitleVerify -->
  <testcase classname="testClasses.test" name="VerifyTimeTrackPage" time="0.0">
    <skipped/>
  </testcase> <!-- VerifyTimeTrackPage -->
  <testcase classname="testClasses.test" name="VerifytitleTaskPage" time="0.0">
    <skipped/>
  </testcase> <!-- VerifytitleTaskPage -->
  <testcase classname="testClasses.test" name="Timeout0" time="0.0">
    <skipped/>
  </testcase> <!-- Timeout0 -->
  <testcase classname="testClasses.test" name="VerifyLoginButtenText" time="0.0">
    <ignored/>
  </testcase> <!-- VerifyLoginButtenText -->
</testsuite> <!-- Default test -->
